The following package(s) are missing entries in the cache:
- av
- candisc
- collections
- devtools
- diffobj
- dotCall64
- downlit
- ellipsis
- fansi
- fields
- flextable
- fontBitstreamVera
- fontLiberation
- fontquiver
- gdtools
- gert
- GGally
- gganimate
- ggstats
- gh
- gifski
- gitcreds
- heplots
- here
- hexView
- Hotelling
- httpuv
- httr2
- ini
- jose
- kableExtra
- languageserver
- lintr
- lpSolve
- miniUI
- officer
- packrat
- pak
- pkgbuild
- pkgdown
- pkgload
- PKI
- praise
- profvis
- psychTools
- R.cache
- rcmdcheck
- RcppTOML
- remotes
- reticulate
- rex
- rgl
- roxygen2
- rprojroot
- rsconnect
- rtf
- rversions
- s2
- sessioninfo
- sf
- shiny
- snowflakeauth
- sourcetools
- spam
- styler
- svglite
- testthat
- transformr
- units
- urlchecker
- usethis
- waldo
- whisker
- wk
- xdvir
- xmlparsedata
- xopen
These packages will need to be reinstalled.

The following package(s) have broken symlinks into the cache:
- av
- candisc
- collections
- devtools
- diffobj
- dotCall64
- downlit
- ellipsis
- fansi
- fields
- flextable
- fontBitstreamVera
- fontLiberation
- fontquiver
- gdtools
- gert
- GGally
- gganimate
- ggstats
- gh
- gifski
- gitcreds
- heplots
- here
- hexView
- Hotelling
- httpuv
- httr2
- ini
- jose
- kableExtra
- languageserver
- lintr
- lpSolve
- miniUI
- officer
- packrat
- pak
- pkgbuild
- pkgdown
- pkgload
- PKI
- praise
- profvis
- psychTools
- R.cache
- rcmdcheck
- RcppTOML
- remotes
- reticulate
- rex
- rgl
- roxygen2
- rprojroot
- rsconnect
- rtf
- rversions
- s2
- sessioninfo
- sf
- shiny
- snowflakeauth
- sourcetools
- spam
- styler
- svglite
- testthat
- transformr
- units
- urlchecker
- usethis
- waldo
- whisker
- wk
- xdvir
- xmlparsedata
- xopen
Use `renv::repair()` to try and reinstall these packages.

The following package(s) are missing their DESCRIPTION files:
- qgraph [/Users/majerek/Desktop/Pollub/wyklady/WAD/WAD_new/renv/library/macos/R-4.5/aarch64-apple-darwin20/qgraph]
These may be left over from a prior, failed installation attempt.
Consider removing or reinstalling these packages.

- One or more packages recorded in the lockfile are not installed.
- Use `renv::status()` for more details.
